Using pre-set license
Built from '2021.1/staging' branch; Version is '2021.1.7f1 (d91830b65d9b) revision 14227504'; Using compiler version '192528614'; Build Type 'Release'
OS: 'Windows 10 Home Single Language; OS build 19042.985; Version 2009; 64bit' Language: 'en' Physical Memory: 16319 MB
BatchMode: 1, IsHumanControllingUs: 0, StartBugReporterOnCrash: 0, Is64bit: 1, IsPro: 0

 COMMAND LINE ARGUMENTS:
D:\Unity\Editor\2021.1.7f1\Editor\Unity.exe
-adb2
-batchMode
-noUpm
-name
AssetImportWorker0
-projectPath
D:/U/Proyecto Interactivo 1/Github/Gus-and-the-Spooky-Tower
-logFile
Logs/AssetImportWorker0.log
-srvPort
2372
Successfully changed project path to: D:/U/Proyecto Interactivo 1/Github/Gus-and-the-Spooky-Tower
D:/U/Proyecto Interactivo 1/Github/Gus-and-the-Spooky-Tower
Using Asset Import Pipeline V2.
Refreshing native plugins compatible for Editor in 124.82 ms, found 1 plugins.
Preloading 0 native plugins for Editor in 0.00 ms.
Initialize engine version: 2021.1.7f1 (d91830b65d9b)
[Subsystems] Discovering subsystems at path D:/Unity/Editor/2021.1.7f1/Editor/Data/Resources/UnitySubsystems
[Subsystems] Discovering subsystems at path D:/U/Proyecto Interactivo 1/Github/Gus-and-the-Spooky-Tower/Assets
GfxDevice: creating device client; threaded=0; jobified=0
Direct3D:
    Version:  Direct3D 11.0 [level 11.1]
    Renderer: NVIDIA GeForce GTX 1060 with Max-Q Design (ID=0x1c60)
    Vendor:   NVIDIA
    VRAM:     6052 MB
    Driver:   27.21.14.6647
Initialize mono
Mono path[0] = 'D:/Unity/Editor/2021.1.7f1/Editor/Data/Managed'
Mono path[1] = 'D:/Unity/Editor/2021.1.7f1/Editor/Data/MonoBleedingEdge/lib/mono/unityjit'
Mono config path = 'D:/Unity/Editor/2021.1.7f1/Editor/Data/MonoBleedingEdge/etc'
Using monoOptions --debugger-agent=transport=dt_socket,embedding=1,server=y,suspend=n,address=127.0.0.1:56836
Begin MonoManager ReloadAssembly
Registering precompiled unity dll's ...
Register platform support module: D:/Unity/Editor/2021.1.7f1/Editor/Data/PlaybackEngines/WebGLSupport/UnityEditor.WebGL.Extensions.dll
Register platform support module: D:/Unity/Editor/2021.1.7f1/Editor/Data/PlaybackEngines/WindowsStandaloneSupport/UnityEditor.WindowsStandalone.Extensions.dll
Registered in 0.006193 seconds.
Native extension for WindowsStandalone target not found
Native extension for WebGL target not found
Refreshing native plugins compatible for Editor in 136.58 ms, found 1 plugins.
Preloading 0 native plugins for Editor in 0.00 ms.
Mono: successfully reloaded assembly
- Completed reload, in  1.993 seconds
Platform modules already initialized, skipping
Registering precompiled user dll's ...
Registered in 0.006446 seconds.
Begin MonoManager ReloadAssembly
Symbol file LoadedFromMemory doesn't match image D:\U\Proyecto Interactivo 1\Github\Gus-and-the-Spooky-Tower\Library\PackageCache\com.unity.visualscripting@1.6.1\Editor\VisualScripting.Core\Dependencies\YamlDotNet\Unity.VisualScripting.YamlDotNet.dll
Symbol file LoadedFromMemory doesn't match image D:\U\Proyecto Interactivo 1\Github\Gus-and-the-Spooky-Tower\Library\PackageCache\com.unity.visualscripting@1.6.1\Editor\VisualScripting.Core\Dependencies\DotNetZip\Unity.VisualScripting.IonicZip.dll
Native extension for WindowsStandalone target not found
Native extension for WebGL target not found
Refreshing native plugins compatible for Editor in 129.21 ms, found 1 plugins.
Preloading 0 native plugins for Editor in 0.00 ms.
Mono: successfully reloaded assembly
- Completed reload, in  1.606 seconds
Platform modules already initialized, skipping
========================================================================
Worker process is ready to serve import requests
Shader 'Universal Render Pipeline/Particles/Lit': fallback shader 'Universal Render Pipeline/Particles/SimpleLit' not found
Shader 'Universal Render Pipeline/Particles/Lit': fallback shader 'Universal Render Pipeline/Particles/SimpleLit' not found
Launched and connected shader compiler UnityShaderCompiler.exe after 0.06 seconds
Refreshing native plugins compatible for Editor in 0.72 ms, found 1 plugins.
Preloading 0 native plugins for Editor in 0.00 ms.
Unloading 4145 Unused Serialized files (Serialized files now loaded: 0)
System memory in use before: 182.6 MB.
System memory in use after: 180.1 MB.

Unloading 45 unused Assets to reduce memory usage. Loaded Objects now: 4587.
Total: 4.273500 ms (FindLiveObjects: 0.325700 ms CreateObjectMapping: 0.190900 ms MarkObjects: 2.544000 ms  DeleteObjects: 1.211800 ms)

========================================================================
Received Import Request.
  path: Assets/Prefabs
  artifactKey: Guid(ef40ef22ca356d64681a06db23f4acca) Importer(815301076,1909f56bfc062723c751e8b465ee728b)
Start importing Assets/Prefabs using Guid(ef40ef22ca356d64681a06db23f4acca) Importer(815301076,1909f56bfc062723c751e8b465ee728b)  -> (artifact id: 'ef7f235729452cbe58a7aed0fa669f47') in 0.017019 seconds 
========================================================================
Received Import Request.
  Time since last request: 7.951302 seconds.
  path: Assets/Prefabs/vallametal.prefab
  artifactKey: Guid(42aa8a078b72a4d4286db59f1c32212f) Importer(815301076,1909f56bfc062723c751e8b465ee728b)
Start importing Assets/Prefabs/vallametal.prefab using Guid(42aa8a078b72a4d4286db59f1c32212f) Importer(815301076,1909f56bfc062723c751e8b465ee728b)  -> (artifact id: 'cb7720da8cbee0df74c187c234b44aa7') in 0.337844 seconds 
AssetImportWorkerClient::OnTransportError - code=2 error=End of file
