Using pre-set license
Built from '2021.1/staging' branch; Version is '2021.1.7f1 (d91830b65d9b) revision 14227504'; Using compiler version '192528614'; Build Type 'Release'
OS: 'Windows 10 Pro; OS build 19042.985; Version 2009; 64bit' Language: 'es' Physical Memory: 16332 MB
BatchMode: 1, IsHumanControllingUs: 0, StartBugReporterOnCrash: 0, Is64bit: 1, IsPro: 0

 COMMAND LINE ARGUMENTS:
D:\VideoJuegos 2\2021.1.7f1\Editor\Unity.exe
-adb2
-batchMode
-noUpm
-name
AssetImportWorker0
-projectPath
D:/Proyecto Interactivo 1/Gus-and-the-Spooky-Tower
-logFile
Logs/AssetImportWorker0.log
-srvPort
59666
Successfully changed project path to: D:/Proyecto Interactivo 1/Gus-and-the-Spooky-Tower
D:/Proyecto Interactivo 1/Gus-and-the-Spooky-Tower
Using Asset Import Pipeline V2.
Refreshing native plugins compatible for Editor in 166.39 ms, found 1 plugins.
Preloading 0 native plugins for Editor in 0.00 ms.
Initialize engine version: 2021.1.7f1 (d91830b65d9b)
[Subsystems] Discovering subsystems at path D:/VideoJuegos 2/2021.1.7f1/Editor/Data/Resources/UnitySubsystems
[Subsystems] Discovering subsystems at path D:/Proyecto Interactivo 1/Gus-and-the-Spooky-Tower/Assets
GfxDevice: creating device client; threaded=0; jobified=0
Direct3D:
    Version:  Direct3D 11.0 [level 11.1]
    Renderer: NVIDIA GeForce GTX 1070 (ID=0x1be1)
    Vendor:   NVIDIA
    VRAM:     8081 MB
    Driver:   27.21.14.6647
Initialize mono
Mono path[0] = 'D:/VideoJuegos 2/2021.1.7f1/Editor/Data/Managed'
Mono path[1] = 'D:/VideoJuegos 2/2021.1.7f1/Editor/Data/MonoBleedingEdge/lib/mono/unityjit'
Mono config path = 'D:/VideoJuegos 2/2021.1.7f1/Editor/Data/MonoBleedingEdge/etc'
Using monoOptions --debugger-agent=transport=dt_socket,embedding=1,server=y,suspend=n,address=127.0.0.1:56680
Begin MonoManager ReloadAssembly
Registering precompiled unity dll's ...
Register platform support module: D:/VideoJuegos 2/2021.1.7f1/Editor/Data/PlaybackEngines/WindowsStandaloneSupport/UnityEditor.WindowsStandalone.Extensions.dll
Registered in 0.002473 seconds.
Native extension for WindowsStandalone target not found
Refreshing native plugins compatible for Editor in 162.54 ms, found 1 plugins.
Preloading 0 native plugins for Editor in 0.00 ms.
Mono: successfully reloaded assembly
- Completed reload, in  2.442 seconds
Platform modules already initialized, skipping
Registering precompiled user dll's ...
Registered in 0.008139 seconds.
Begin MonoManager ReloadAssembly
Symbol file LoadedFromMemory doesn't match image D:\Proyecto Interactivo 1\Gus-and-the-Spooky-Tower\Library\PackageCache\com.unity.visualscripting@1.6.1\Editor\VisualScripting.Core\Dependencies\YamlDotNet\Unity.VisualScripting.YamlDotNet.dll
Symbol file LoadedFromMemory doesn't match image D:\Proyecto Interactivo 1\Gus-and-the-Spooky-Tower\Library\PackageCache\com.unity.visualscripting@1.6.1\Editor\VisualScripting.Core\Dependencies\DotNetZip\Unity.VisualScripting.IonicZip.dll
Native extension for WindowsStandalone target not found
Refreshing native plugins compatible for Editor in 162.01 ms, found 1 plugins.
Preloading 0 native plugins for Editor in 0.00 ms.
Mono: successfully reloaded assembly
- Completed reload, in  1.862 seconds
Platform modules already initialized, skipping
========================================================================
Worker process is ready to serve import requests
Shader 'Universal Render Pipeline/Particles/Lit': fallback shader 'Universal Render Pipeline/Particles/SimpleLit' not found
Shader 'Universal Render Pipeline/Particles/Lit': fallback shader 'Universal Render Pipeline/Particles/SimpleLit' not found
Launched and connected shader compiler UnityShaderCompiler.exe after 0.07 seconds
Refreshing native plugins compatible for Editor in 1.87 ms, found 1 plugins.
Preloading 0 native plugins for Editor in 0.00 ms.
Unloading 4145 Unused Serialized files (Serialized files now loaded: 0)
System memory in use before: 183.2 MB.
System memory in use after: 180.7 MB.

Unloading 45 unused Assets to reduce memory usage. Loaded Objects now: 4587.
Total: 4.790300 ms (FindLiveObjects: 0.368100 ms CreateObjectMapping: 0.309800 ms MarkObjects: 2.602700 ms  DeleteObjects: 1.507900 ms)

========================================================================
Received Import Request.
  path: Assets/Macros/Linterna.asset
  artifactKey: Guid(3b134dc2ad453a14ea9cb578c4073bb0) Importer(815301076,1909f56bfc062723c751e8b465ee728b)
Start importing Assets/Macros/Linterna.asset using Guid(3b134dc2ad453a14ea9cb578c4073bb0) Importer(815301076,1909f56bfc062723c751e8b465ee728b)  -> (artifact id: '45fe676f809ee154f76938e99618fd67') in 0.774231 seconds 
========================================================================
Received Prepare
Registering precompiled user dll's ...
Registered in 0.005280 seconds.
Begin MonoManager ReloadAssembly
Symbol file LoadedFromMemory doesn't match image D:\Proyecto Interactivo 1\Gus-and-the-Spooky-Tower\Library\PackageCache\com.unity.visualscripting@1.6.1\Editor\VisualScripting.Core\Dependencies\YamlDotNet\Unity.VisualScripting.YamlDotNet.dll
Symbol file LoadedFromMemory doesn't match image D:\Proyecto Interactivo 1\Gus-and-the-Spooky-Tower\Library\PackageCache\com.unity.visualscripting@1.6.1\Editor\VisualScripting.Core\Dependencies\DotNetZip\Unity.VisualScripting.IonicZip.dll
Native extension for WindowsStandalone target not found
Refreshing native plugins compatible for Editor in 1.06 ms, found 1 plugins.
Preloading 0 native plugins for Editor in 0.00 ms.
Mono: successfully reloaded assembly
- Completed reload, in  1.845 seconds
Platform modules already initialized, skipping
Shader 'Universal Render Pipeline/Particles/Lit': fallback shader 'Universal Render Pipeline/Particles/SimpleLit' not found
Shader 'Universal Render Pipeline/Particles/Lit': fallback shader 'Universal Render Pipeline/Particles/SimpleLit' not found
Refreshing native plugins compatible for Editor in 0.79 ms, found 1 plugins.
Preloading 0 native plugins for Editor in 0.00 ms.
Unloading 4064 Unused Serialized files (Serialized files now loaded: 0)
System memory in use before: 179.0 MB.
System memory in use after: 176.5 MB.

Unloading 40 unused Assets to reduce memory usage. Loaded Objects now: 4590.
Total: 4.381000 ms (FindLiveObjects: 0.334200 ms CreateObjectMapping: 0.258800 ms MarkObjects: 2.631600 ms  DeleteObjects: 1.154700 ms)

========================================================================
Received Import Request.
  Time since last request: 44.223570 seconds.
  path: Assets/Scenes/Nivel 2.unity
  artifactKey: Guid(95c4b9b0cc77f8f46b498ebbcd1e5f49) Importer(815301076,1909f56bfc062723c751e8b465ee728b)
Start importing Assets/Scenes/Nivel 2.unity using Guid(95c4b9b0cc77f8f46b498ebbcd1e5f49) Importer(815301076,1909f56bfc062723c751e8b465ee728b)  -> (artifact id: '14316c1c01432ba796b2f85fbd58e144') in 0.044000 seconds 
AssetImportWorkerClient::OnTransportError - code=2 error=End of file
